<?xml version="1.0" encoding="UTF-8"?>
<testsuite xmlns:xsi="http://www.w3.org/2001/XMLSchema-instance" xsi:noNamespaceSchemaLocation="https://maven.apache.org/surefire/maven-surefire-plugin/xsd/surefire-test-report-3.0.xsd" version="3.0" name="vd.java.ao.FoolBarTest" time="0.063" tests="1" errors="0" skipped="0" failures="0">
  <properties>
[...]
</properties>
  <testcase name="test" classname="vd.java.ao.FoolBarTest" time="0.037">
    <system-out><![CDATA[passando
]]></system-out>
  </testcase>
</testsuite>